nohup: 忽略输入
bash: /home/lcx/.conda/envs/chat-scene/lib/libtinfo.so.6: no version information available (required by bash)
PYTHONPATH: :/home/lcx/.conda/envs/chat-scene/bin/python:.
2025-09-25 15:42:24 - Starting to wait for GPU memory...
2025-09-25 15:42:24 - Neither GPU 0 (12211MB) nor GPU 1 (6638MB) has sufficient memory. Waiting...
2025-09-25 15:42:54 - Neither GPU 0 (12211MB) nor GPU 1 (6638MB) has sufficient memory. Waiting...
2025-09-25 15:43:25 - Neither GPU 0 (12211MB) nor GPU 1 (6638MB) has sufficient memory. Waiting...
2025-09-25 15:43:55 - Neither GPU 0 (12209MB) nor GPU 1 (6638MB) has sufficient memory. Waiting...
2025-09-25 15:44:25 - Neither GPU 0 (12211MB) nor GPU 1 (6638MB) has sufficient memory. Waiting...
2025-09-25 15:44:55 - Neither GPU 0 (12211MB) nor GPU 1 (6638MB) has sufficient memory. Waiting...
2025-09-25 15:45:25 - Neither GPU 0 (12211MB) nor GPU 1 (6638MB) has sufficient memory. Waiting...
2025-09-25 15:45:55 - Neither GPU 0 (12211MB) nor GPU 1 (6334MB) has sufficient memory. Waiting...
2025-09-25 15:46:25 - Neither GPU 0 (12211MB) nor GPU 1 (5576MB) has sufficient memory. Waiting...
2025-09-25 15:46:55 - Neither GPU 0 (12211MB) nor GPU 1 (5576MB) has sufficient memory. Waiting...
2025-09-25 15:47:25 - Neither GPU 0 (12211MB) nor GPU 1 (6638MB) has sufficient memory. Waiting...
2025-09-25 15:47:55 - Neither GPU 0 (12211MB) nor GPU 1 (6638MB) has sufficient memory. Waiting...
2025-09-25 15:48:25 - Neither GPU 0 (12211MB) nor GPU 1 (6638MB) has sufficient memory. Waiting...
2025-09-25 15:48:56 - Neither GPU 0 (12211MB) nor GPU 1 (6638MB) has sufficient memory. Waiting...
2025-09-25 15:49:26 - Neither GPU 0 (12211MB) nor GPU 1 (6638MB) has sufficient memory. Waiting...
2025-09-25 15:49:56 - Neither GPU 0 (12211MB) nor GPU 1 (6638MB) has sufficient memory. Waiting...
2025-09-25 15:50:26 - Neither GPU 0 (12211MB) nor GPU 1 (6638MB) has sufficient memory. Waiting...
2025-09-25 15:50:56 - GPU 0 has sufficient memory: 24083MB
2025-09-25 15:50:56 - GPU memory is sufficient, starting training...
2025-09-25 15:50:56 - Starting training with nohup...
2025-09-25 15:50:56 - Training started in background with PID 451277
2025-09-25 15:50:56 - Check log file at outputs/20250925_155056_lr5e-6_ep3_scanrefer#obj_align#nr3d_caption#scan2cap#scanqa#multi3dref__scanrefer#scan2cap#scanqa__chatscene/train.log for training progress
